/usr/local/cds/XCELIUM2409/tools.lnx86/inca/bin/64bit/xmelab
Obtained 21 stack frames.
/usr/local/cds/XCELIUM2409/tools.lnx86/inca/bin/64bit/../../../lib/64bit/libcbreakpad.so(_Z13use_backtracev+0x9d) [0x1523b249d1a3]
/usr/local/cds/XCELIUM2409/tools.lnx86/inca/bin/64bit/../../../lib/64bit/libcbreakpad.so(cbpad_generate_dump_on_demand+0x66) [0x1523b249d630]
xmelab() [0x32de6c8]
xmelab(serror+0x1b7) [0x32dfd17]
xmelab() [0x22a18e7]
xmelab() [0x22a208d]
/lib64/libpthread.so.0(+0x12d10) [0x1523b2e66d10]
xmelab(_ZN5tower5graph14GraphGenerator16process_referralEP5vst_sS3_Plii+0x26e) [0x1e8f07e]
xmelab() [0x1875de6]
xmelab() [0x2cf8c00]
xmelab() [0x2cfae37]
xmelab(xia_hierarchy_traversal+0x6e) [0x2cfaf0e]
xmelab() [0x1887ff3]
xmelab() [0x1931be0]
xmelab() [0x1935c7a]
xmelab() [0x1939233]
xmelab() [0xdebb2b]
xmelab() [0xe2e4dd]
xmelab(main+0x10) [0xb4a3d0]
/lib64/libc.so.6(__libc_start_main+0xe5) [0x1523b25147e5]
xmelab() [0xb4a400]
